<?xml version="1.0" encoding="UTF-8"?>
<Site BuildName="(empty)"
	BuildStamp="20250813-0447-Experimental"
	Name="(empty)"
	Generator="ctest-4.1.0-rc2"
	CompilerName=""
	CompilerVersion=""
	OSName="Windows"
	Hostname="Skyliner"
	OSRelease=" Personal"
	OSVersion=" (Build 26100)"
	OSPlatform="AMD64"
	Is64Bits="1"
	VendorString="GenuineIntel"
	VendorID="Intel Corporation"
	FamilyID="6"
	ModelID="10"
	ModelName=""
	ProcessorCacheSize="-1"
	NumberOfLogicalCPU="12"
	NumberOfPhysicalCPU="10"
	TotalVirtualMemory="65227"
	TotalPhysicalMemory="16075"
	LogicalProcessorsPerPhysical="1"
	ProcessorClockFrequency="1800"
	>
	<Testing>
		<StartDateTime>Aug 12 21:47 Pacific Daylight Time</StartDateTime>
		<StartTestTime>1755060479</StartTestTime>
		<TestList/>
		<EndDateTime>Aug 12 21:47 Pacific Daylight Time</EndDateTime>
		<EndTestTime>1755060479</EndTestTime>
		<ElapsedMinutes>0</ElapsedMinutes>
	</Testing>
</Site>
